<?xml version="1.0" encoding="UTF-8"?>
<coverage generated="1751312598309" clover="3.2.0">
  <project timestamp="1751312598310" name="All files">
    <metrics statements="25" coveredstatements="18" conditionals="2" coveredconditionals="2" methods="5" coveredmethods="2" elements="32" coveredelements="22" complexity="0" loc="25" ncloc="25" packages="1" files="2" classes="2"/>
    <file name="calculadora.js" path="C:\Users\wagne\OneDrive\Documentos\Disciplinas\1º Semestre\Qualidade de software\Projetos\projeto-teste-calculadora\src\calculadora.js">
      <metrics statements="21" coveredstatements="14" conditionals="1" coveredconditionals="1" methods="4" coveredmethods="1"/>
      <line num="1" count="1" type="stmt"/>
      <line num="2" count="1" type="cond" truecount="1" falsecount="0"/>
      <line num="3" count="1" type="stmt"/>
      <line num="4" count="1" type="stmt"/>
      <line num="5" count="1" type="stmt"/>
      <line num="6" count="1" type="stmt"/>
      <line num="7" count="1" type="stmt"/>
      <line num="8" count="1" type="stmt"/>
      <line num="9" count="1" type="stmt"/>
      <line num="10" count="1" type="stmt"/>
      <line num="11" count="1" type="stmt"/>
      <line num="12" count="0" type="stmt"/>
      <line num="13" count="0" type="stmt"/>
      <line num="14" count="0" type="stmt"/>
      <line num="15" count="0" type="stmt"/>
      <line num="16" count="0" type="stmt"/>
      <line num="17" count="0" type="stmt"/>
      <line num="18" count="0" type="stmt"/>
      <line num="19" count="1" type="stmt"/>
      <line num="20" count="1" type="stmt"/>
      <line num="21" count="1" type="stmt"/>
    </file>
    <file name="sum.js" path="C:\Users\wagne\OneDrive\Documentos\Disciplinas\1º Semestre\Qualidade de software\Projetos\projeto-teste-calculadora\src\sum.js">
      <metrics statements="4" coveredstatements="4" conditionals="1" coveredconditionals="1" methods="1" coveredmethods="1"/>
      <line num="1" count="1" type="cond" truecount="1" falsecount="0"/>
      <line num="2" count="1" type="stmt"/>
      <line num="3" count="1" type="stmt"/>
      <line num="4" count="1" type="stmt"/>
    </file>
  </project>
</coverage>
