{"C:\\Users\\wagne\\OneDrive\\Documentos\\Disciplinas\\1º Semestre\\Qualidade de software\\Projetos\\projeto-teste-calculadora\\src\\calculadora.js": {"path":"C:\\Users\\wagne\\OneDrive\\Documentos\\Disciplinas\\1º Semestre\\Qualidade de software\\Projetos\\projeto-teste-calculadora\\src\\calculadora.js","all":false,"statementMap":{"0":{"start":{"line":1,"column":0},"end":{"line":1,"column":33}},"1":{"start":{"line":2,"column":0},"end":{"line":2,"column":30}},"2":{"start":{"line":3,"column":0},"end":{"line":3,"column":0}},"3":{"start":{"line":4,"column":0},"end":{"line":4,"column":36}},"4":{"start":{"line":5,"column":0},"end":{"line":5,"column":33}},"5":{"start":{"line":6,"column":0},"end":{"line":6,"column":0}},"6":{"start":{"line":7,"column":0},"end":{"line":7,"column":39}},"7":{"start":{"line":8,"column":0},"end":{"line":8,"column":36}},"8":{"start":{"line":9,"column":0},"end":{"line":9,"column":0}},"9":{"start":{"line":10,"column":0},"end":{"line":10,"column":35}},"10":{"start":{"line":11,"column":0},"end":{"line":11,"column":27}},"11":{"start":{"line":12,"column":0},"end":{"line":12,"column":54}},"12":{"start":{"line":13,"column":0},"end":{"line":13,"column":18}},"13":{"start":{"line":14,"column":0},"end":{"line":14,"column":54}},"14":{"start":{"line":15,"column":0},"end":{"line":15,"column":61}},"15":{"start":{"line":16,"column":0},"end":{"line":16,"column":5}},"16":{"start":{"line":17,"column":0},"end":{"line":17,"column":17}},"17":{"start":{"line":18,"column":0},"end":{"line":18,"column":2}},"18":{"start":{"line":19,"column":0},"end":{"line":19,"column":0}},"19":{"start":{"line":20,"column":0},"end":{"line":20,"column":65}},"20":{"start":{"line":21,"column":0},"end":{"line":21,"column":59}}},"s":{"0":1,"1":1,"2":1,"3":1,"4":1,"5":1,"6":1,"7":1,"8":1,"9":1,"10":1,"11":0,"12":0,"13":0,"14":0,"15":0,"16":0,"17":0,"18":1,"19":1,"20":1},"branchMap":{"0":{"type":"branch","line":2,"loc":{"start":{"line":2,"column":14},"end":{"line":2,"column":29}},"locations":[{"start":{"line":2,"column":14},"end":{"line":2,"column":29}}]}},"b":{"0":[1]},"fnMap":{"0":{"name":"somar","decl":{"start":{"line":2,"column":14},"end":{"line":2,"column":29}},"loc":{"start":{"line":2,"column":14},"end":{"line":2,"column":29}},"line":2},"1":{"name":"subtrair","decl":{"start":{"line":5,"column":17},"end":{"line":5,"column":32}},"loc":{"start":{"line":5,"column":17},"end":{"line":5,"column":32}},"line":5},"2":{"name":"multiplicar","decl":{"start":{"line":8,"column":20},"end":{"line":8,"column":35}},"loc":{"start":{"line":8,"column":20},"end":{"line":8,"column":35}},"line":8},"3":{"name":"dividir","decl":{"start":{"line":11,"column":16},"end":{"line":18,"column":2}},"loc":{"start":{"line":11,"column":16},"end":{"line":18,"column":2}},"line":11}},"f":{"0":1,"1":0,"2":0,"3":0}}
,"C:\\Users\\wagne\\OneDrive\\Documentos\\Disciplinas\\1º Semestre\\Qualidade de software\\Projetos\\projeto-teste-calculadora\\src\\sum.js": {"path":"C:\\Users\\wagne\\OneDrive\\Documentos\\Disciplinas\\1º Semestre\\Qualidade de software\\Projetos\\projeto-teste-calculadora\\src\\sum.js","all":false,"statementMap":{"0":{"start":{"line":1,"column":0},"end":{"line":1,"column":20}},"1":{"start":{"line":2,"column":0},"end":{"line":2,"column":15}},"2":{"start":{"line":3,"column":0},"end":{"line":3,"column":1}},"3":{"start":{"line":4,"column":0},"end":{"line":4,"column":21}}},"s":{"0":1,"1":1,"2":1,"3":1},"branchMap":{"0":{"type":"branch","line":1,"loc":{"start":{"line":1,"column":0},"end":{"line":3,"column":1}},"locations":[{"start":{"line":1,"column":0},"end":{"line":3,"column":1}}]}},"b":{"0":[1]},"fnMap":{"0":{"name":"sum","decl":{"start":{"line":1,"column":0},"end":{"line":3,"column":1}},"loc":{"start":{"line":1,"column":0},"end":{"line":3,"column":1}},"line":1}},"f":{"0":1}}
}
